2025-10-12 00:22:57,613 [INFO] Recovery Bridge: Starting Recovery Bridge on port 5102
2025-10-12 00:22:57,634 [INFO] Recovery Bridge: server listening on [::1]:5102
2025-10-12 00:22:57,634 [INFO] Recovery Bridge: server listening on 127.0.0.1:5102
2025-10-12 00:22:57,634 [INFO] Recovery Bridge: Recovery Bridge listening on ws://localhost:5102
2025-10-12 00:23:06,675 [INFO] Recovery Bridge: connection open
2025-10-12 00:23:06,675 [INFO] Recovery Bridge: Client connected. Total clients: 1
2025-10-12 00:23:07,015 [INFO] Recovery Bridge: Received message: {'type': 'subscribe', 'data': {'channels': ['logs', 'model3d', 'tts']}, 'timestamp': 1760217787014}
2025-10-12 00:23:37,015 [INFO] Recovery Bridge: Received message: {'type': 'ping', 'data': {}, 'timestamp': 1760217817014}
2025-10-12 00:24:07,016 [INFO] Recovery Bridge: Received message: {'type': 'ping', 'data': {}, 'timestamp': 1760217847015}
2025-10-12 00:24:18,544 [INFO] Recovery Bridge: Received message: {'type': 'model3d-command', 'data': {'action': 'set-emotion', 'params': {'agent': 'user', 'emotion': 'listening', 'intensity': 0.6, 'duration': 1500}}, 'timestamp': 1760217858543}
2025-10-12 00:24:21,488 [INFO] Recovery Bridge: Received message: {'type': 'model3d-command', 'data': {'action': 'set-emotion', 'params': {'agent': 'atlas', 'emotion': 'thinking', 'intensity': 0.8, 'duration': 2000}}, 'timestamp': 1760217861487}
2025-10-12 00:24:21,488 [INFO] Recovery Bridge: Received message: {'type': 'model3d-command', 'data': {'action': 'set-emotion', 'params': {'agent': 'atlas', 'emotion': 'satisfied', 'intensity': 0.7, 'duration': 2000}}, 'timestamp': 1760217861488}
2025-10-12 00:24:21,490 [INFO] Recovery Bridge: Received message: {'type': 'tts-command', 'data': {'action': 'start-visualization', 'params': {'text': 'Схоже, ви наводите якусь послідовність. Чи є конкретне питання або тема, яку ви хочете обговорити?', 'options': {'agent': 'atlas', 'voice': 'mykyta', 'emotion': 'neutral', 'speed': 1}}}, 'timestamp': 1760217861489}
2025-10-12 00:24:33,055 [INFO] Recovery Bridge: Received message: {'type': 'tts-command', 'data': {'action': 'stop-visualization', 'params': {}}, 'timestamp': 1760217873054}
2025-10-12 00:24:37,014 [INFO] Recovery Bridge: Received message: {'type': 'ping', 'data': {}, 'timestamp': 1760217877013}
2025-10-12 00:25:07,014 [INFO] Recovery Bridge: Received message: {'type': 'ping', 'data': {}, 'timestamp': 1760217907014}
2025-10-12 00:25:37,015 [INFO] Recovery Bridge: Received message: {'type': 'ping', 'data': {}, 'timestamp': 1760217937013}
2025-10-12 00:26:07,015 [INFO] Recovery Bridge: Received message: {'type': 'ping', 'data': {}, 'timestamp': 1760217967014}
2025-10-12 00:26:37,016 [INFO] Recovery Bridge: Received message: {'type': 'ping', 'data': {}, 'timestamp': 1760217997014}
2025-10-12 00:27:07,014 [INFO] Recovery Bridge: Received message: {'type': 'ping', 'data': {}, 'timestamp': 1760218027013}
2025-10-12 00:27:37,020 [INFO] Recovery Bridge: Received message: {'type': 'ping', 'data': {}, 'timestamp': 1760218057019}
2025-10-12 00:28:07,029 [INFO] Recovery Bridge: Received message: {'type': 'ping', 'data': {}, 'timestamp': 1760218087028}
2025-10-12 00:28:37,030 [INFO] Recovery Bridge: Received message: {'type': 'ping', 'data': {}, 'timestamp': 1760218117029}
2025-10-12 00:29:07,030 [INFO] Recovery Bridge: Received message: {'type': 'ping', 'data': {}, 'timestamp': 1760218147029}
2025-10-12 00:29:37,031 [INFO] Recovery Bridge: Received message: {'type': 'ping', 'data': {}, 'timestamp': 1760218177030}
2025-10-12 00:30:07,028 [INFO] Recovery Bridge: Received message: {'type': 'ping', 'data': {}, 'timestamp': 1760218207027}
2025-10-12 00:30:37,028 [INFO] Recovery Bridge: Received message: {'type': 'ping', 'data': {}, 'timestamp': 1760218237027}
2025-10-12 00:31:07,028 [INFO] Recovery Bridge: Received message: {'type': 'ping', 'data': {}, 'timestamp': 1760218267028}
2025-10-12 00:31:37,029 [INFO] Recovery Bridge: Received message: {'type': 'ping', 'data': {}, 'timestamp': 1760218297029}
2025-10-12 00:32:07,028 [INFO] Recovery Bridge: Received message: {'type': 'ping', 'data': {}, 'timestamp': 1760218327026}
2025-10-12 00:32:37,029 [INFO] Recovery Bridge: Received message: {'type': 'ping', 'data': {}, 'timestamp': 1760218357028}
2025-10-12 00:33:07,590 [INFO] Recovery Bridge: Received message: {'type': 'ping', 'data': {}, 'timestamp': 1760218387586}
2025-10-12 00:33:37,591 [INFO] Recovery Bridge: Received message: {'type': 'ping', 'data': {}, 'timestamp': 1760218417586}
2025-10-12 00:34:07,583 [INFO] Recovery Bridge: Received message: {'type': 'ping', 'data': {}, 'timestamp': 1760218447582}
2025-10-12 00:34:37,594 [INFO] Recovery Bridge: Received message: {'type': 'ping', 'data': {}, 'timestamp': 1760218477590}
2025-10-12 00:35:07,584 [INFO] Recovery Bridge: Received message: {'type': 'ping', 'data': {}, 'timestamp': 1760218507582}
2025-10-12 00:35:37,589 [INFO] Recovery Bridge: Received message: {'type': 'ping', 'data': {}, 'timestamp': 1760218537585}
2025-10-12 00:36:07,585 [INFO] Recovery Bridge: Received message: {'type': 'ping', 'data': {}, 'timestamp': 1760218567580}
2025-10-12 00:36:37,586 [INFO] Recovery Bridge: Received message: {'type': 'ping', 'data': {}, 'timestamp': 1760218597580}
2025-10-12 00:37:07,589 [INFO] Recovery Bridge: Received message: {'type': 'ping', 'data': {}, 'timestamp': 1760218627584}
2025-10-12 00:37:37,582 [INFO] Recovery Bridge: Received message: {'type': 'ping', 'data': {}, 'timestamp': 1760218657580}
2025-10-12 00:38:07,584 [INFO] Recovery Bridge: Received message: {'type': 'ping', 'data': {}, 'timestamp': 1760218687583}
2025-10-12 00:38:37,584 [INFO] Recovery Bridge: Received message: {'type': 'ping', 'data': {}, 'timestamp': 1760218717578}
2025-10-12 00:39:07,583 [INFO] Recovery Bridge: Received message: {'type': 'ping', 'data': {}, 'timestamp': 1760218747582}
2025-10-12 00:39:37,579 [INFO] Recovery Bridge: Received message: {'type': 'ping', 'data': {}, 'timestamp': 1760218777579}
2025-10-12 00:40:07,581 [INFO] Recovery Bridge: Received message: {'type': 'ping', 'data': {}, 'timestamp': 1760218807581}
2025-10-12 00:40:37,583 [INFO] Recovery Bridge: Received message: {'type': 'ping', 'data': {}, 'timestamp': 1760218837583}
2025-10-12 00:41:07,579 [INFO] Recovery Bridge: Received message: {'type': 'ping', 'data': {}, 'timestamp': 1760218867578}
